Mon May 01 01:21:48 CST 2017
hust_wanglin
bestwishes10Mon May 01 10:21:24 CST 2017
hust_wanglin
bestwishes10Mon May 01 22:59:45 CST 2017
hust_wanglin
bestwishes10Mon May 01 23:02:54 CST 2017
hust_wanglin
bestwishes10Tue May 02 13:23:57 CST 2017
hust_wanglin
bestwishes10Tue May 02 13:26:02 CST 2017
hust_wanglin
bestwishes10Tue May 02 17:03:07 CST 2017
hust_wanglin
bestwishes10Tue May 02 18:11:11 CST 2017
hust_wanglin
bestwishes10Tue May 02 18:19:24 CST 2017
hust_wanglin
bestwishes10Tue May 02 18:20:19 CST 2017
hust_wanglin
bestwishes10Tue May 02 18:29:21 CST 2017
hust_wanglin
bestwishes10Tue May 02 18:46:20 CST 2017
hust_wanglin
bestwishes10Tue May 02 18:51:29 CST 2017
hust_wanglin
bestwishes10