Mon May 01 01:20:17 CST 2017
hust_wanglin@163.com
bestwishes10Mon May 01 10:24:44 CST 2017
hust_wanglin@163.com
bestwishes10Mon May 01 10:28:06 CST 2017
hust_wanglin@163.com
bestwishes10Mon May 01 10:29:50 CST 2017
hust_wanglin@163.com
bestwishes10Mon May 01 10:32:26 CST 2017
hust_wanglin@163.com
bestwishes10Mon May 01 10:37:58 CST 2017
hust_wanglin@163.com
bestwishes10Mon May 01 10:40:56 CST 2017
hust_wanglin@163.com
bestwishes10Mon May 01 10:45:03 CST 2017
hust_wanglin@163.com
bestwishes10Mon May 01 10:47:52 CST 2017
hust_wanglin@163.com
bestwishes10Mon May 01 10:49:28 CST 2017
hust_wanglin@163.com
bestwishes10Mon May 01 10:51:56 CST 2017
hust_wanglin@163.com
bestwishes10Mon May 01 10:54:09 CST 2017
hust_wanglin@163.com
bestwishes10Mon May 01 10:56:54 CST 2017
hust_wanglin@163.com
bestwishes10Mon May 01 11:00:45 CST 2017
hust_wanglin@163.com
bestwishes10Mon May 01 11:07:06 CST 2017
hust_wanglin@163.com
bestwishes10Mon May 01 11:18:38 CST 2017
hust_wanglin@163.com
bestwishes10Mon May 01 22:47:34 CST 2017
hust_wanglin@163.com
bestwishes10Mon May 01 22:51:41 CST 2017
hust_wanglin@163.com
bestwishes10Mon May 01 23:52:22 CST 2017
hust_wanglin@163.com
bestwishes10Tue May 02 13:22:03 CST 2017
hust_wanglin@163.com
bestwishes10Tue May 02 13:29:16 CST 2017
hust_wanglin@163.com
bestwishes10Tue May 02 13:35:14 CST 2017
hust_wanglin@163.com
bestwishes10Tue May 02 13:40:44 CST 2017
hust_wanglin@163.com
bestwishes10Tue May 02 13:42:23 CST 2017
hust_wanglin@163.com
bestwishes10Tue May 02 13:47:23 CST 2017
hust_wanglin@163.com
bestwishes10Tue May 02 13:50:21 CST 2017
hust_wanglin@163.com
bestwishes10Tue May 02 13:52:36 CST 2017
hust_wanglin@163.com
bestwishes10Tue May 02 17:45:05 CST 2017
hust_wanglin@163.com
bestwishes10Tue May 02 17:46:51 CST 2017
hust_wanglin@163.com
bestwishes10Tue May 02 17:50:49 CST 2017
hust_wanglin@163.com
bestwishes10Tue May 02 18:34:25 CST 2017
hust_wanglin@163.com
bestwishes10Tue May 02 18:39:32 CST 2017
hust_wanglin@163.com
bestwishes10Tue May 02 18:43:54 CST 2017
hust_wanglin@163.com
bestwishes10Tue May 02 18:48:37 CST 2017
hust_wanglin@163.com
bestwishes10Tue May 02 18:49:09 CST 2017
hust_wanglin@163.com
bestwishes10Tue May 02 18:52:05 CST 2017
hust_wanglin@163.com
bestwishes10